<?xml version="1.0" encoding="UTF-8"?>
<!-- Generated by org.testng.reporters.JUnitReportReporter -->
<testsuite hostname="Lys-MacBook-Pro" failures="0" tests="1" name="day11.passingParameters" time="0.006" errors="0" timestamp="2022-03-01T21:11:12 EST" skipped="0">
  <testcase classname="day11.passingParameters" name="SumOf" time="0.006"/>
  <system-out/>
</testsuite> <!-- day11.passingParameters -->
