<?xml version="1.0" encoding="UTF-8"?>
<!-- Generated by org.testng.reporters.JUnitReportReporter -->
<testsuite hostname="Lys-MacBook-Pro.local" failures="0" tests="1" name="Day12.myAccountLogin" time="11.150" errors="0" timestamp="2022-03-09T11:33:05 EST" skipped="0">
  <testcase classname="Day12.myAccountLogin" name="loginWithValidUserNamePassword" time="11.150"/>
  <system-out/>
</testsuite> <!-- Day12.myAccountLogin -->
