<?xml version="1.0" encoding="UTF-8"?>
<!-- Generated by org.testng.reporters.JUnitReportReporter -->
<testsuite hostname="Lys-MacBook-Pro" failures="0" tests="2" name="day10.TestingTestNGAnnotation" time="0.009" errors="0" timestamp="2022-03-01T11:07:28 EST" skipped="0">
  <testcase classname="day10.TestingTestNGAnnotation" name="test1" time="0.007"/>
  <system-out/>
  <testcase classname="day10.TestingTestNGAnnotation" name="test2" time="0.002"/>
  <system-out/>
</testsuite> <!-- day10.TestingTestNGAnnotation -->
