<?xml version="1.0" encoding="UTF-8"?>
<!-- Generated by org.testng.reporters.JUnitReportReporter -->
<testsuite hostname="Lys-MacBook-Pro" failures="0" tests="3" name="day10.groupTests" time="0.007" errors="0" timestamp="2022-03-01T13:06:29 EST" skipped="0">
  <testcase classname="day10.groupTests" name="test2" time="0.000"/>
  <system-out/>
  <testcase classname="day10.groupTests" name="test3" time="0.001"/>
  <system-out/>
  <testcase classname="day10.groupTests" name="test1" time="0.006"/>
  <system-out/>
</testsuite> <!-- day10.groupTests -->
