<?xml version="1.0" encoding="UTF-8"?>
<!-- Generated by org.testng.reporters.JUnitReportReporter -->
<testsuite hostname="Lys-MacBook-Pro" failures="0" tests="2" name="day10.dependsOnTest" time="0.011" errors="0" timestamp="2022-03-01T11:40:51 EST" skipped="0">
  <testcase classname="day10.dependsOnTest" name="openBrowser" time="0.011"/>
  <system-out/>
  <testcase classname="day10.dependsOnTest" name="signIn" time="0.000"/>
  <system-out/>
</testsuite> <!-- day10.dependsOnTest -->
