<?xml version="1.0" encoding="UTF-8"?>
<!-- Generated by org.testng.reporters.JUnitReportReporter -->
<testsuite hostname="Lys-MacBook-Pro" failures="0" tests="5" name="day11.dataProviderTesting" time="0.012" errors="0" timestamp="2022-03-01T20:20:13 EST" skipped="0">
  <testcase classname="day11.dataProviderTesting" name="ageTest" time="0.005"/>
  <system-out/>
  <testcase classname="day11.dataProviderTesting" name="myTest" time="0.000"/>
  <system-out/>
  <testcase classname="day11.dataProviderTesting" name="myTest" time="0.001"/>
  <system-out/>
  <testcase classname="day11.dataProviderTesting" name="ageTest" time="0.005"/>
  <system-out/>
  <testcase classname="day11.dataProviderTesting" name="myTest" time="0.001"/>
  <system-out/>
</testsuite> <!-- day11.dataProviderTesting -->
