<?xml version="1.0" encoding="UTF-8"?>
<!-- Generated by org.testng.reporters.JUnitReportReporter -->
<testsuite hostname="Lys-MacBook-Pro" failures="0" tests="4" name="day10.orderOfTests" time="0.011" errors="0" timestamp="2022-03-01T11:10:09 EST" skipped="1">
  <testcase classname="day10.orderOfTests" name="testSelenium" time="0.005"/>
  <system-out/>
  <testcase classname="day10.orderOfTests" name="testJava" time="0.001"/>
  <system-out/>
  <testcase classname="day10.orderOfTests" name="testAPI" time="0.005"/>
  <system-out/>
  <testcase classname="day10.orderOfTests" name="testSQL">
    <skipped/>
  </testcase> <!-- testSQL -->
  <system-out/>
</testsuite> <!-- day10.orderOfTests -->
